160216  8:30:43 [Note] Plugin 'FEDERATED' is disabled.
160216  8:30:43 InnoDB: The InnoDB memory heap is disabled
160216  8:30:43 InnoDB: Mutexes and rw_locks use Windows interlocked functions
160216  8:30:43 InnoDB: Compressed tables use zlib 1.2.3
160216  8:30:43 InnoDB: Initializing buffer pool, size = 16.0M
160216  8:30:43 InnoDB: Completed initialization of buffer pool
InnoDB: The first specified data file \xampp\mysql\data\ibdata1 did not exist:
InnoDB: a new database to be created!
160216  8:30:43  InnoDB: Setting file \xampp\mysql\data\ibdata1 size to 10 MB
InnoDB: Database physically writes the file full: wait...
160216  8:30:44  InnoDB: Log file \xampp\mysql\data\ib_logfile0 did not exist: new to be created
InnoDB: Setting log file \xampp\mysql\data\ib_logfile0 size to 5 MB
InnoDB: Database physically writes the file full: wait...
160216  8:30:45  InnoDB: Log file \xampp\mysql\data\ib_logfile1 did not exist: new to be created
InnoDB: Setting log file \xampp\mysql\data\ib_logfile1 size to 5 MB
InnoDB: Database physically writes the file full: wait...
InnoDB: Doublewrite buffer not found: creating new
InnoDB: Doublewrite buffer created
InnoDB: 127 rollback segment(s) active.
InnoDB: Creating foreign key constraint system tables
InnoDB: Foreign key constraint system tables created
160216  8:30:46  InnoDB: Waiting for the background threads to start
160216  8:30:47 InnoDB: 1.1.8 started; log sequence number 0
160216  8:30:48 [Note] Event Scheduler: Loaded 0 events
160216  8:30:48 [Note] mysql\bin\mysqld.exe: ready for connections.
Version: '5.5.16'  socket: ''  port: 3306  MySQL Community Server (GPL)
160524  7:58:50 [Note] Plugin 'FEDERATED' is disabled.
160524  7:58:51 InnoDB: The InnoDB memory heap is disabled
160524  7:58:51 InnoDB: Mutexes and rw_locks use Windows interlocked functions
160524  7:58:51 InnoDB: Compressed tables use zlib 1.2.3
160524  7:58:51 InnoDB: Initializing buffer pool, size = 16.0M
160524  7:58:51 InnoDB: Completed initialization of buffer pool
160524  7:58:51 InnoDB: highest supported file format is Barracuda.
InnoDB: The log sequence number in ibdata files does not match
InnoDB: the log sequence number in the ib_logfiles!
160524  7:58:51  InnoDB: Database was not shut down normally!
InnoDB: Starting crash recovery.
InnoDB: Reading tablespace information from the .ibd files...
InnoDB: Restoring possible half-written data pages from the doublewrite
InnoDB: buffer...
160524  7:58:53  InnoDB: Waiting for the background threads to start
160524  7:58:54 InnoDB: 1.1.8 started; log sequence number 2298467
160524  7:58:55 [Note] Event Scheduler: Loaded 0 events
160524  7:58:55 [Note] mysql\bin\mysqld.exe: ready for connections.
Version: '5.5.16'  socket: ''  port: 3306  MySQL Community Server (GPL)
160524  8:08:16 [Note] Plugin 'FEDERATED' is disabled.
160524  8:08:16 InnoDB: The InnoDB memory heap is disabled
160524  8:08:16 InnoDB: Mutexes and rw_locks use Windows interlocked functions
160524  8:08:16 InnoDB: Compressed tables use zlib 1.2.3
160524  8:08:16 InnoDB: Initializing buffer pool, size = 16.0M
160524  8:08:16 InnoDB: Completed initialization of buffer pool
160524  8:08:16 InnoDB: highest supported file format is Barracuda.
InnoDB: The log sequence number in ibdata files does not match
InnoDB: the log sequence number in the ib_logfiles!
160524  8:08:16  InnoDB: Database was not shut down normally!
InnoDB: Starting crash recovery.
InnoDB: Reading tablespace information from the .ibd files...
InnoDB: Restoring possible half-written data pages from the doublewrite
InnoDB: buffer...
160524  8:08:18  InnoDB: Waiting for the background threads to start
160524  8:08:19 InnoDB: 1.1.8 started; log sequence number 2298467
160524  8:08:19 [Note] Event Scheduler: Loaded 0 events
160524  8:08:19 [Note] mysql\bin\mysqld.exe: ready for connections.
Version: '5.5.16'  socket: ''  port: 3306  MySQL Community Server (GPL)
